# JRE version: OpenJDK Runtime Environment Corretto-17.0.16.8.1 (17.0.16+8) (build 17.0.16+8-LTS)
# Java VM: OpenJDK 64-Bit Server VM Corretto-17.0.16.8.1 (17.0.16+8-LTS, mixed mode, sharing, tiered, compressed oops, compressed class ptrs, g1 gc, windows-amd64)
GC Precious Log:
 CPUs: 4 total, 4 available
 Memory: 7886M
 Large Page Support: Disabled
 NUMA Support: Disabled
 Compressed Oops: Enabled (32-bit)
 Heap Region Size: 1M
 Heap Min Capacity: 8M
 Heap Initial Capacity: 124M
 Heap Max Capacity: 2G
 Pre-touch: Disabled
 Parallel Workers: 4
 Concurrent Workers: 1
 Concurrent Refinement Workers: 4
 Periodic GC: Disabled
Heap:
 garbage-first heap   total 534528K, used 348186K [0x0000000080000000, 0x0000000100000000)
  region size 1024K, 98 young (100352K), 0 survivors (0K)
 Metaspace       used 207796K, committed 209408K, reserved 1245184K
  class space    used 27117K, committed 27904K, reserved 1048576K
GC Heap History (20 events):
Event: 223.342 GC heap before
{Heap before GC invocations=70 (full 0):
 garbage-first heap   total 513024K, used 413400K [0x0000000080000000, 0x0000000100000000)
  region size 1024K, 135 young (138240K), 4 survivors (4096K)
 Metaspace       used 181565K, committed 182976K, reserved 1245184K
  class space    used 23420K, committed 24128K, reserved 1048576K
}
Event: 223.379 GC heap after
{Heap after GC invocations=71 (full 0):
 garbage-first heap   total 513024K, used 286417K [0x0000000080000000, 0x0000000100000000)
  region size 1024K, 10 young (10240K), 10 survivors (10240K)
 Metaspace       used 181565K, committed 182976K, reserved 1245184K
  class space    used 23420K, committed 24128K, reserved 1048576K
}
Event: 250.665 GC heap before
{Heap before GC invocations=72 (full 0):
 garbage-first heap   total 513024K, used 420561K [0x0000000080000000, 0x0000000100000000)
  region size 1024K, 140 young (143360K), 10 survivors (10240K)
 Metaspace       used 185649K, committed 187072K, reserved 1245184K
  class space    used 23979K, committed 24704K, reserved 1048576K
}
Event: 250.731 GC heap after
{Heap after GC invocations=73 (full 0):
 garbage-first heap   total 513024K, used 289418K [0x0000000080000000, 0x0000000100000000)
  region size 1024K, 11 young (11264K), 11 survivors (11264K)
 Metaspace       used 185649K, committed 187072K, reserved 1245184K
  class space    used 23979K, committed 24704K, reserved 1048576K
}
Event: 251.022 GC heap before
{Heap before GC invocations=73 (full 0):
 garbage-first heap   total 513024K, used 302730K [0x0000000080000000, 0x0000000100000000)
  region size 1024K, 25 young (25600K), 11 survivors (11264K)
 Metaspace       used 186555K, committed 188032K, reserved 1245184K
  class space    used 24089K, committed 24832K, reserved 1048576K
}
Event: 251.083 GC heap after
{Heap after GC invocations=74 (full 0):
 garbage-first heap   total 513024K, used 286744K [0x0000000080000000, 0x0000000100000000)
  region size 1024K, 2 young (2048K), 2 survivors (2048K)
 Metaspace       used 186555K, committed 188032K, reserved 1245184K
  class space    used 24089K, committed 24832K, reserved 1048576K
}
Event: 253.377 GC heap before
{Heap before GC invocations=74 (full 0):
 garbage-first heap   total 513024K, used 422936K [0x0000000080000000, 0x0000000100000000)
  region size 1024K, 136 young (139264K), 2 survivors (2048K)
 Metaspace       used 199601K, committed 201088K, reserved 1245184K
  class space    used 26117K, committed 26880K, reserved 1048576K
}
Event: 253.402 GC heap after
{Heap after GC invocations=75 (full 0):
 garbage-first heap   total 513024K, used 296212K [0x0000000080000000, 0x0000000100000000)
  region size 1024K, 12 young (12288K), 12 survivors (12288K)
 Metaspace       used 199601K, committed 201088K, reserved 1245184K
  class space    used 26117K, committed 26880K, reserved 1048576K
}
Event: 257.566 GC heap before
{Heap before GC invocations=76 (full 0):
 garbage-first heap   total 534528K, used 425236K [0x0000000080000000, 0x0000000100000000)
  region size 1024K, 138 young (141312K), 12 survivors (12288K)
 Metaspace       used 202688K, committed 204224K, reserved 1245184K
  class space    used 26453K, committed 27200K, reserved 1048576K
}
Event: 257.604 GC heap after
{Heap after GC invocations=77 (full 0):
 garbage-first heap   total 534528K, used 299006K [0x0000000080000000, 0x0000000100000000)
  region size 1024K, 4 young (4096K), 4 survivors (4096K)
 Metaspace       used 202688K, committed 204224K, reserved 1245184K
  class space    used 26453K, committed 27200K, reserved 1048576K
}
Event: 258.181 GC heap before
{Heap before GC invocations=77 (full 0):
 garbage-first heap   total 534528K, used 320510K [0x0000000080000000, 0x0000000100000000)
  region size 1024K, 26 young (26624K), 4 survivors (4096K)
 Metaspace       used 202786K, committed 204288K, reserved 1245184K
  class space    used 26457K, committed 27200K, reserved 1048576K
}
Event: 258.204 GC heap after
{Heap after GC invocations=78 (full 0):
 garbage-first heap   total 534528K, used 293109K [0x0000000080000000, 0x0000000100000000)
  region size 1024K, 1 young (1024K), 1 survivors (1024K)
 Metaspace       used 202786K, committed 204288K, reserved 1245184K
  class space    used 26457K, committed 27200K, reserved 1048576K
}
Event: 260.459 GC heap before
{Heap before GC invocations=78 (full 0):
 garbage-first heap   total 534528K, used 421109K [0x0000000080000000, 0x0000000100000000)
  region size 1024K, 128 young (131072K), 1 survivors (1024K)
 Metaspace       used 204987K, committed 206528K, reserved 1245184K
  class space    used 26815K, committed 27584K, reserved 1048576K
}
Event: 260.476 GC heap after
{Heap after GC invocations=79 (full 0):
 garbage-first heap   total 534528K, used 300104K [0x0000000080000000, 0x0000000100000000)
  region size 1024K, 8 young (8192K), 8 survivors (8192K)
 Metaspace       used 204987K, committed 206528K, reserved 1245184K
  class space    used 26815K, committed 27584K, reserved 1048576K
}
Event: 409.297 GC heap before
{Heap before GC invocations=80 (full 0):
 garbage-first heap   total 534528K, used 464968K [0x0000000080000000, 0x0000000100000000)
  region size 1024K, 153 young (156672K), 8 survivors (8192K)
 Metaspace       used 207323K, committed 208832K, reserved 1245184K
  class space    used 27103K, committed 27840K, reserved 1048576K
}
Event: 409.457 GC heap after
{Heap after GC invocations=81 (full 0):
 garbage-first heap   total 534528K, used 302654K [0x0000000080000000, 0x0000000100000000)
  region size 1024K, 12 young (12288K), 12 survivors (12288K)
 Metaspace       used 207323K, committed 208832K, reserved 1245184K
  class space    used 27103K, committed 27840K, reserved 1048576K
}
Event: 410.407 GC heap before
{Heap before GC invocations=81 (full 0):
 garbage-first heap   total 534528K, used 316990K [0x0000000080000000, 0x0000000100000000)
  region size 1024K, 26 young (26624K), 12 survivors (12288K)
 Metaspace       used 207414K, committed 208896K, reserved 1245184K
  class space    used 27109K, committed 27840K, reserved 1048576K
}
Event: 410.493 GC heap after
{Heap after GC invocations=82 (full 0):
 garbage-first heap   total 534528K, used 297877K [0x0000000080000000, 0x0000000100000000)
  region size 1024K, 2 young (2048K), 2 survivors (2048K)
 Metaspace       used 207414K, committed 208896K, reserved 1245184K
  class space    used 27109K, committed 27840K, reserved 1048576K
}
Event: 3861.127 GC heap before
{Heap before GC invocations=82 (full 0):
 garbage-first heap   total 534528K, used 392085K [0x0000000080000000, 0x0000000100000000)
  region size 1024K, 96 young (98304K), 2 survivors (2048K)
 Metaspace       used 207662K, committed 209216K, reserved 1245184K
  class space    used 27117K, committed 27904K, reserved 1048576K
}
Event: 3864.582 GC heap after
{Heap after GC invocations=83 (full 1):
 garbage-first heap   total 534528K, used 248858K [0x0000000080000000, 0x0000000100000000)
  region size 1024K, 0 young (0K), 0 survivors (0K)
 Metaspace       used 207657K, committed 209216K, reserved 1245184K
  class space    used 27115K, committed 27904K, reserved 1048576K
}

