# JRE version: OpenJDK Runtime Environment (24.0.2+12) (build 24.0.2+12-54)
# Java VM: OpenJDK 64-Bit Server VM (24.0.2+12-54, mixed mode, sharing, tiered, compressed oops, compressed class ptrs, g1 gc, windows-amd64)
GC Precious Log:
 CardTable entry size: 512
 Card Set container configuration: InlinePtr #cards 5 size 8 Array Of Cards #cards 10 size 36 Howl #buckets 4 coarsen threshold 1843 Howl Bitmap #cards 512 size 80 coarsen threshold 460 Card regions per heap region 1 cards per card region 2048
 CPUs: 4 total, 4 available
 Memory: 7886M
 Large Page Support: Disabled
 NUMA Support: Disabled
 Compressed Oops: Enabled (32-bit)
 Heap Region Size: 1M
 Heap Min Capacity: 8M
 Heap Initial Capacity: 124M
 Heap Max Capacity: 1972M
 Pre-touch: Disabled
 Parallel Workers: 4
 Concurrent Workers: 1
 Concurrent Refinement Workers: 4
 Periodic GC: Disabled
Heap:
 garbage-first heap   total reserved 2019328K, committed 40960K, used 30913K [0x0000000084c00000, 0x0000000100000000)
  region size 1024K, 9 young (9216K), 2 survivors (2048K)
 Metaspace       used 44229K, committed 44608K, reserved 1114112K
  class space    used 4436K, committed 4608K, reserved 1048576K
GC Heap History (20 events):
Event: 8.857 GC heap before
{Heap before GC invocations=3 (full 0):
 garbage-first heap   total reserved 2019328K, committed 37888K, used 28401K [0x0000000084c00000, 0x0000000100000000)
  region size 1024K, 22 young (22528K), 4 survivors (4096K)
 Metaspace       used 23919K, committed 24128K, reserved 1114112K
  class space    used 2300K, committed 2368K, reserved 1048576K
}
Event: 8.866 GC heap after
{Heap after GC invocations=4 (full 0):
 garbage-first heap   total reserved 2019328K, committed 37888K, used 13111K [0x0000000084c00000, 0x0000000100000000)
  region size 1024K, 3 young (3072K), 3 survivors (3072K)
 Metaspace       used 23919K, committed 24128K, reserved 1114112K
  class space    used 2300K, committed 2368K, reserved 1048576K
}
Event: 10.918 GC heap before
{Heap before GC invocations=4 (full 0):
 garbage-first heap   total reserved 2019328K, committed 37888K, used 27447K [0x0000000084c00000, 0x0000000100000000)
  region size 1024K, 17 young (17408K), 3 survivors (3072K)
 Metaspace       used 26182K, committed 26432K, reserved 1114112K
  class space    used 2532K, committed 2624K, reserved 1048576K
}
Event: 10.927 GC heap after
{Heap after GC invocations=5 (full 0):
 garbage-first heap   total reserved 2019328K, committed 37888K, used 14502K [0x0000000084c00000, 0x0000000100000000)
  region size 1024K, 2 young (2048K), 2 survivors (2048K)
 Metaspace       used 26182K, committed 26432K, reserved 1114112K
  class space    used 2532K, committed 2624K, reserved 1048576K
}
Event: 11.408 GC heap before
{Heap before GC invocations=5 (full 0):
 garbage-first heap   total reserved 2019328K, committed 37888K, used 27814K [0x0000000084c00000, 0x0000000100000000)
  region size 1024K, 16 young (16384K), 2 survivors (2048K)
 Metaspace       used 28640K, committed 28992K, reserved 1114112K
  class space    used 2846K, committed 3008K, reserved 1048576K
}
Event: 11.414 GC heap after
{Heap after GC invocations=6 (full 0):
 garbage-first heap   total reserved 2019328K, committed 37888K, used 15867K [0x0000000084c00000, 0x0000000100000000)
  region size 1024K, 2 young (2048K), 2 survivors (2048K)
 Metaspace       used 28640K, committed 28992K, reserved 1114112K
  class space    used 2846K, committed 3008K, reserved 1048576K
}
Event: 12.261 GC heap before
{Heap before GC invocations=6 (full 0):
 garbage-first heap   total reserved 2019328K, committed 37888K, used 29179K [0x0000000084c00000, 0x0000000100000000)
  region size 1024K, 16 young (16384K), 2 survivors (2048K)
 Metaspace       used 31565K, committed 31872K, reserved 1114112K
  class space    used 3160K, committed 3264K, reserved 1048576K
}
Event: 12.266 GC heap after
{Heap after GC invocations=7 (full 0):
 garbage-first heap   total reserved 2019328K, committed 37888K, used 17202K [0x0000000084c00000, 0x0000000100000000)
  region size 1024K, 2 young (2048K), 2 survivors (2048K)
 Metaspace       used 31565K, committed 31872K, reserved 1114112K
  class space    used 3160K, committed 3264K, reserved 1048576K
}
Event: 13.716 GC heap before
{Heap before GC invocations=7 (full 0):
 garbage-first heap   total reserved 2019328K, committed 37888K, used 30514K [0x0000000084c00000, 0x0000000100000000)
  region size 1024K, 15 young (15360K), 2 survivors (2048K)
 Metaspace       used 33239K, committed 33536K, reserved 1114112K
  class space    used 3327K, committed 3456K, reserved 1048576K
}
Event: 13.722 GC heap after
{Heap after GC invocations=8 (full 0):
 garbage-first heap   total reserved 2019328K, committed 37888K, used 18936K [0x0000000084c00000, 0x0000000100000000)
  region size 1024K, 2 young (2048K), 2 survivors (2048K)
 Metaspace       used 33239K, committed 33536K, reserved 1114112K
  class space    used 3327K, committed 3456K, reserved 1048576K
}
Event: 1662.505 GC heap before
{Heap before GC invocations=8 (full 0):
 garbage-first heap   total reserved 2019328K, committed 37888K, used 30200K [0x0000000084c00000, 0x0000000100000000)
  region size 1024K, 14 young (14336K), 2 survivors (2048K)
 Metaspace       used 35223K, committed 35584K, reserved 1114112K
  class space    used 3555K, committed 3712K, reserved 1048576K
}
Event: 1662.629 GC heap after
{Heap after GC invocations=9 (full 0):
 garbage-first heap   total reserved 2019328K, committed 37888K, used 20047K [0x0000000084c00000, 0x0000000100000000)
  region size 1024K, 2 young (2048K), 2 survivors (2048K)
 Metaspace       used 35223K, committed 35584K, reserved 1114112K
  class space    used 3555K, committed 3712K, reserved 1048576K
}
Event: 1664.399 GC heap before
{Heap before GC invocations=10 (full 0):
 garbage-first heap   total reserved 2019328K, committed 37888K, used 30287K [0x0000000084c00000, 0x0000000100000000)
  region size 1024K, 13 young (13312K), 2 survivors (2048K)
 Metaspace       used 37633K, committed 38016K, reserved 1114112K
  class space    used 3813K, committed 3968K, reserved 1048576K
}
Event: 1664.406 GC heap after
{Heap after GC invocations=11 (full 0):
 garbage-first heap   total reserved 2019328K, committed 37888K, used 21210K [0x0000000084c00000, 0x0000000100000000)
  region size 1024K, 2 young (2048K), 2 survivors (2048K)
 Metaspace       used 37633K, committed 38016K, reserved 1114112K
  class space    used 3813K, committed 3968K, reserved 1048576K
}
Event: 1665.553 GC heap before
{Heap before GC invocations=11 (full 0):
 garbage-first heap   total reserved 2019328K, committed 37888K, used 31450K [0x0000000084c00000, 0x0000000100000000)
  region size 1024K, 13 young (13312K), 2 survivors (2048K)
 Metaspace       used 40977K, committed 41408K, reserved 1114112K
  class space    used 4139K, committed 4352K, reserved 1048576K
}
Event: 1665.569 GC heap after
{Heap after GC invocations=12 (full 0):
 garbage-first heap   total reserved 2019328K, committed 37888K, used 22579K [0x0000000084c00000, 0x0000000100000000)
  region size 1024K, 2 young (2048K), 2 survivors (2048K)
 Metaspace       used 40977K, committed 41408K, reserved 1114112K
  class space    used 4139K, committed 4352K, reserved 1048576K
}
Event: 5433.139 GC heap before
{Heap before GC invocations=12 (full 0):
 garbage-first heap   total reserved 2019328K, committed 37888K, used 30771K [0x0000000084c00000, 0x0000000100000000)
  region size 1024K, 11 young (11264K), 2 survivors (2048K)
 Metaspace       used 42257K, committed 42688K, reserved 1114112K
  class space    used 4232K, committed 4416K, reserved 1048576K
}
Event: 5433.245 GC heap after
{Heap after GC invocations=13 (full 0):
 garbage-first heap   total reserved 2019328K, committed 37888K, used 23939K [0x0000000084c00000, 0x0000000100000000)
  region size 1024K, 2 young (2048K), 2 survivors (2048K)
 Metaspace       used 42257K, committed 42688K, reserved 1114112K
  class space    used 4232K, committed 4416K, reserved 1048576K
}
Event: 7408.490 GC heap before
{Heap before GC invocations=14 (full 0):
 garbage-first heap   total reserved 2019328K, committed 40960K, used 32131K [0x0000000084c00000, 0x0000000100000000)
  region size 1024K, 11 young (11264K), 2 survivors (2048K)
 Metaspace       used 43979K, committed 44352K, reserved 1114112K
  class space    used 4427K, committed 4608K, reserved 1048576K
}
Event: 7408.696 GC heap after
{Heap after GC invocations=15 (full 0):
 garbage-first heap   total reserved 2019328K, committed 40960K, used 24769K [0x0000000084c00000, 0x0000000100000000)
  region size 1024K, 2 young (2048K), 2 survivors (2048K)
 Metaspace       used 43979K, committed 44352K, reserved 1114112K
  class space    used 4427K, committed 4608K, reserved 1048576K
}

